<?xml version="1.0" encoding="UTF-8" standalone="no"?>
<testsuite errors="0" failures="0" name="io.cucumber.core.plugin.JUnitFormatter" skipped="0" tests="2" time="25.446">
    <testcase classname="Vehicles Page Test" name="Verify the vehicle page navigation functionality" time="22.522">
        <system-out>
            <![CDATA[Given Launch the URL do the necessary initializations.......................passed
And User attempt to login...................................................passed
Then After login user is on "Vehicles" page.................................passed
Then User is navigating to the root page....................................passed
Then Verify the below tiles are visible.....................................passed
]]>
        </system-out>
    </testcase>
    <testcase classname="Vehicles Page Test" name="Search for the last created device and installation of device into a vehicle" time="2.508">
        <system-out>
            <![CDATA[Given verify User is on selected organization "Root" home page..............passed
Then User navigates to organization "Vehicles" page.........................passed
Then Click on the logout button and close the browser.......................passed
]]>
        </system-out>
    </testcase>
</testsuite>
